2020-03-21 17:32:09 [scrapy] DEBUG: Crawled (200) <GET https://www.forex.pk/robots.txt> (referer: None)
2020-03-21 17:32:10 [scrapy] DEBUG: Crawled (200) <GET https://www.forex.pk/open_market_rates.asp> (referer: None)
2020-03-21 17:32:10 [scrapy] DEBUG: Scraped from <200 https://www.forex.pk/open_market_rates.asp>
{'date': '21-03-2020', 'USD': ['157.5'], 'QAR': ['42.35'], 'CAD': ['111'], 'EUR': ['170.5'], 'CNY': ['22.35']}
2020-03-21 17:32:10 [scrapy] INFO: Closing spider (finished)
2020-03-21 17:32:10 [scrapy] INFO: Dumping Scrapy stats:
{'downloader/request_bytes': 517,
 'downloader/request_count': 2,
 'downloader/request_method_count/GET': 2,
 'downloader/response_bytes': 8166,
 'downloader/response_count': 2,
 'downloader/response_status_count/200': 2,
 'elapsed_time_seconds': 1.322729,
 'finish_reason': 'finished',
 'finish_time': datetime.datetime(2020, 3, 21, 12, 32, 10, 517058),
 'item_scraped_count': 1,
 'log_count/DEBUG': 3,
 'log_count/INFO': 7,
 'response_received_count': 2,
 'robotstxt/request_count': 1,
 'robotstxt/response_count': 1,
 'robotstxt/response_status_count/200': 1,
 'scheduler/dequeued': 1,
 'scheduler/dequeued/memory': 1,
 'scheduler/enqueued': 1,
 'scheduler/enqueued/memory': 1,
 'start_time': datetime.datetime(2020, 3, 21, 12, 32, 9, 194329)}
2020-03-21 17:32:10 [scrapy] INFO: Spider closed (finished)
